
Showing logs for build [32msalaboy-fmtok8s-springone-app-p-45kx7-3[0m stage [32mfrom-build-pack[0m and container [32mcredential-initializer[0m
{"level":"info","ts":1598869281.6557312,"caller":"creds-init/main.go:44","msg":"Credentials initialized."}

Showing logs for build [32msalaboy-fmtok8s-springone-app-p-45kx7-3[0m stage [32mfrom-build-pack[0m and container [32mworking-dir-initializer[0m

Showing logs for build [32msalaboy-fmtok8s-springone-app-p-45kx7-3[0m stage [32mfrom-build-pack[0m and container [32mplace-tools[0m

Showing logs for build [32msalaboy-fmtok8s-springone-app-p-45kx7-3[0m stage [32mfrom-build-pack[0m and container [32mstep-git-source-salaboy-fmtok8s-springone-app-p-45kx7-nmvms[0m
{"level":"info","ts":1598869288.701447,"caller":"git/git.go:105","msg":"Successfully cloned https://github.com/*******/fmtok8s-springone-app.git @ master in path /workspace/source"}
{"level":"warn","ts":1598869288.7015758,"caller":"git/git.go:152","msg":"Unexpected error: creating symlink: symlink /tekton/home/.ssh /root/.ssh: file exists"}
{"level":"info","ts":1598869288.7633893,"caller":"git/git.go:133","msg":"Successfully initialized and updated submodules in path /workspace/source"}

Showing logs for build [32msalaboy-fmtok8s-springone-app-p-45kx7-3[0m stage [32mfrom-build-pack[0m and container [32mstep-setup-builder-home[0m

Showing logs for build [32msalaboy-fmtok8s-springone-app-p-45kx7-3[0m stage [32mfrom-build-pack[0m and container [32mstep-git-merge[0m
Using SHAs from PULL_REFS=master:2feda7c32216ed292f305e7cd7057e1e4cd44027,1:b1bd9b3c5d85de764d20c667cb55829cb4cd0699
DEBUG: LC_ALL=C JX_LOG_LEVEL=error git fetch origin --unshallow b1bd9b3c5d85de764d20c667cb55829cb4cd0699: 2feda7c32216ed292f305e7cd7057e1e4cd44027:
DEBUG: ran git fetch --unshallow origin b1bd9b3c5d85de764d20c667cb55829cb4cd0699: 2feda7c32216ed292f305e7cd7057e1e4cd44027: in 
DEBUG: LC_ALL=C JX_LOG_LEVEL=error git branch
DEBUG: LC_ALL=C JX_LOG_LEVEL=error git checkout master
DEBUG: ran git checkout master in 
DEBUG: LC_ALL=C JX_LOG_LEVEL=error git reset --hard 2feda7c32216ed292f305e7cd7057e1e4cd44027
DEBUG: ran git reset --hard 2feda7c32216ed292f305e7cd7057e1e4cd44027 in 
DEBUG: LC_ALL=C JX_LOG_LEVEL=error git clean -fd .
DEBUG: ran clean --force -d . in 
DEBUG: LC_ALL=C JX_LOG_LEVEL=error git merge b1bd9b3c5d85de764d20c667cb55829cb4cd0699
DEBUG: ran git merge b1bd9b3c5d85de764d20c667cb55829cb4cd0699 in 
DEBUG: LC_ALL=C JX_LOG_LEVEL=error git log --format=%H%x1f%an%x1f%ae%x1f%cn%x1f%ce%x1f%s%n%b%x1e 2feda7c32216ed292f305e7cd7057e1e4cd44027..HEAD
Merged SHA b1bd9b3c5d85de764d20c667cb55829cb4cd0699 with commit message 'chore(deps): bump https://github.com/*******/fmtok8s-email from 0.0.9 to 0.0.30' into base branch master
Merged SHA 541823d8c1cf8541829da3504eddbb56eee6c341 with commit message 'chore(deps): bump https://github.com/*******/fmtok8s-api-gateway from 0.0.36 to 0.0.99' into base branch master
Merged SHA a964c60ed93c2b637617a9d5d8531ed6f3c09e53 with commit message 'chore(deps): bump https://github.com/*******/fmtok8s-agenda from 0.0.13 to 0.0.42' into base branch master

Showing logs for build [32msalaboy-fmtok8s-springone-app-p-45kx7-3[0m stage [32mfrom-build-pack[0m and container [32mstep-build-build[0m
cat: /builder/home/basic-auth-user.json: No such file or directory
cat: /builder/home/basic-auth-pass.json: No such file or directory
rm -rf springone-app/charts
rm -rf springone-app/springone-app*.tgz
rm -rf springone-app/requirements.lock
helm init --client-only
Creating /tekton/home/.helm 
Creating /tekton/home/.helm/repository 
Creating /tekton/home/.helm/repository/cache 
Creating /tekton/home/.helm/repository/local 
Creating /tekton/home/.helm/plugins 
Creating /tekton/home/.helm/starters 
Creating /tekton/home/.helm/cache/archive 
Creating /tekton/home/.helm/repository/repositories.yaml 
Adding stable repo with URL: https://kubernetes-charts.storage.googleapis.com 
Adding local repo with URL: http://127.0.0.1:8879/charts 
$HELM_HOME has been configured at /tekton/home/.helm.
Not installing Tiller due to 'client-only' flag having been set
Happy Helming!
helm repo add jenkins-x http://chartmuseum.jenkins-x.io
"jenkins-x" has been added to your repositories
helm repo add zeebe http://helm.zeebe.io
"zeebe" has been added to your repositories
helm repo add releases http://jenkins-x-chartmuseum:8080
"releases" has been added to your repositories
helm dependency build springone-app
Hang tight while we grab the latest from your chart repositories...
...Unable to get an update from the "local" chart repository (http://127.0.0.1:8879/charts):
	Get http://127.0.0.1:8879/charts/index.yaml: dial tcp 127.0.0.1:8879: connect: connection refused
...Successfully got an update from the "releases" chart repository
...Successfully got an update from the "zeebe" chart repository
...Successfully got an update from the "stable" chart repository
...Successfully got an update from the "jenkins-x" chart repository
Update Complete. ⎈Happy Helming!⎈
Error: Can't get a valid version for repositories fmtok8s-c4p. Try changing the version constraint in requirements.yaml
make: *** [build] Error 1
[31m
Pipeline failed on stage 'from-build-pack' : container 'step-build-build'. The execution of the pipeline has stopped.[0m
